<?xml version="1.0" encoding="UTF-8"?>
<coverage generated="1607182579402" clover="3.2.0">
  <project timestamp="1607182579402" name="All files">
    <metrics statements="8" coveredstatements="3" conditionals="8" coveredconditionals="2" methods="1" coveredmethods="1" elements="17" coveredelements="6" complexity="0" loc="8" ncloc="8" packages="1" files="1" classes="1"/>
    <file name="cloneDeep.ts" path="/Users/zongjunyang/Documents/code/github/demo-exercise/2020-12/myUtils/src/cloneDeep.ts">
      <metrics statements="8" coveredstatements="3" conditionals="8" coveredconditionals="2" methods="1" coveredmethods="1"/>
      <line num="1" count="1" type="stmt"/>
      <line num="2" count="1" type="cond" truecount="2" falsecount="2"/>
      <line num="3" count="0" type="cond" truecount="0" falsecount="2"/>
      <line num="4" count="0" type="stmt"/>
      <line num="5" count="0" type="cond" truecount="0" falsecount="2"/>
      <line num="6" count="0" type="stmt"/>
      <line num="9" count="0" type="stmt"/>
      <line num="12" count="1" type="stmt"/>
    </file>
  </project>
</coverage>
